Warning in <TApplication::GetOptions>: macro fullRunExtraPlotsACDB.C not found
  *******************************************
  *                                         *
  *        W E L C O M E  to  R O O T       *
  *                                         *
  *   Version   5.34/10    29 August 2013   *
  *                                         *
  *  You are welcome to visit our Web site  *
  *          http://root.cern.ch            *
  *                                         *
  *******************************************

ROOT 5.34/10 (heads/v5-34-00-patches@v5-34-09-278-gdd55a0f, Dec 20 2013, 16:05:00 on linuxx8664gcc)

CINT/ROOT C/C++ Interpreter version 5.18.00, July 2, 2010
Type ? for help. Commands must be C++ statements.
Enclose multiple statements between { }.

Processing fullRunExtraPlotsABC.C+...
Info in <TUnixSystem::ACLiC>: creating shared library /afs/cern.ch/work/l/lcorpe/private/EcalelfMay/CMSSW_7_0_0_pre13/src/Calibration/ZFitter/./fullRunExtraPlotsABC_C.so
In file included from /afs/cern.ch/work/l/lcorpe/private/EcalelfMay/CMSSW_7_0_0_pre13/src/Calibration/ZFitter/fullRunExtraPlotsABC_C_ACLiC_dict.h:34:0,
                 from /afs/cern.ch/work/l/lcorpe/private/EcalelfMay/CMSSW_7_0_0_pre13/src/Calibration/ZFitter/fullRunExtraPlotsABC_C_ACLiC_dict.cxx:17:
/afs/cern.ch/work/l/lcorpe/private/EcalelfMay/CMSSW_7_0_0_pre13/src/Calibration/ZFitter/./fullRunExtraPlotsABC.C: In function 'int fullRunExtraPlotsABC()':
/afs/cern.ch/work/l/lcorpe/private/EcalelfMay/CMSSW_7_0_0_pre13/src/Calibration/ZFitter/./fullRunExtraPlotsABC.C:325:11: warning: unused variable 'energyEle7' [-Wunused-variable]
   Float_t energyEle7[2]; 
           ^
/afs/cern.ch/work/l/lcorpe/private/EcalelfMay/CMSSW_7_0_0_pre13/src/Calibration/ZFitter/./fullRunExtraPlotsABC.C:365:11: warning: unused variable 'energyEle5' [-Wunused-variable]
   Float_t energyEle5[2]; 
           ^
/afs/cern.ch/work/l/lcorpe/private/EcalelfMay/CMSSW_7_0_0_pre13/src/Calibration/ZFitter/./fullRunExtraPlotsABC.C:399:12: warning: unused variable 'b_weight7' [-Wunused-variable]
   TBranch *b_weight7; 
            ^
/afs/cern.ch/work/l/lcorpe/private/EcalelfMay/CMSSW_7_0_0_pre13/src/Calibration/ZFitter/./fullRunExtraPlotsABC.C:400:12: warning: unused variable 'b_energyEle7' [-Wunused-variable]
   TBranch *b_energyEle7; 
            ^
/afs/cern.ch/work/l/lcorpe/private/EcalelfMay/CMSSW_7_0_0_pre13/src/Calibration/ZFitter/./fullRunExtraPlotsABC.C:429:12: warning: unused variable 'b_weight5' [-Wunused-variable]
   TBranch *b_weight5; 
            ^
/afs/cern.ch/work/l/lcorpe/private/EcalelfMay/CMSSW_7_0_0_pre13/src/Calibration/ZFitter/./fullRunExtraPlotsABC.C:430:12: warning: unused variable 'b_energyEle5' [-Wunused-variable]
   TBranch *b_energyEle5; 
            ^
/afs/cern.ch/work/l/lcorpe/private/EcalelfMay/CMSSW_7_0_0_pre13/src/Calibration/ZFitter/./fullRunExtraPlotsABC.C:456:12: warning: unused variable 'b_eleIndex' [-Wunused-variable]
   TBranch *b_eleIndex;
            ^
/afs/cern.ch/work/l/lcorpe/private/EcalelfMay/CMSSW_7_0_0_pre13/src/Calibration/ZFitter/./fullRunExtraPlotsABC.C:457:12: warning: unused variable 'b_entryNumber' [-Wunused-variable]
   TBranch *b_entryNumber;
            ^
0 / 398502
10000 / 398502
20000 / 398502
30000 / 398502
40000 / 398502
50000 / 398502
60000 / 398502
70000 / 398502
80000 / 398502
90000 / 398502
100000 / 398502
110000 / 398502
120000 / 398502
130000 / 398502
140000 / 398502
150000 / 398502
160000 / 398502
170000 / 398502
180000 / 398502
190000 / 398502
200000 / 398502
210000 / 398502
220000 / 398502
230000 / 398502
240000 / 398502
250000 / 398502
260000 / 398502
270000 / 398502
280000 / 398502
290000 / 398502
300000 / 398502
310000 / 398502
320000 / 398502
330000 / 398502
340000 / 398502
350000 / 398502
360000 / 398502
370000 / 398502
380000 / 398502
390000 / 398502
0 / 2007696
10000 / 2007696
20000 / 2007696
30000 / 2007696
40000 / 2007696
50000 / 2007696
60000 / 2007696
70000 / 2007696
80000 / 2007696
90000 / 2007696
100000 / 2007696
110000 / 2007696
120000 / 2007696
130000 / 2007696
140000 / 2007696
150000 / 2007696
160000 / 2007696
170000 / 2007696
180000 / 2007696
190000 / 2007696
200000 / 2007696
210000 / 2007696
220000 / 2007696
230000 / 2007696
240000 / 2007696
250000 / 2007696
260000 / 2007696
270000 / 2007696
280000 / 2007696
290000 / 2007696
300000 / 2007696
310000 / 2007696
320000 / 2007696
330000 / 2007696
340000 / 2007696
350000 / 2007696
360000 / 2007696
370000 / 2007696
380000 / 2007696
390000 / 2007696
400000 / 2007696
410000 / 2007696
420000 / 2007696
430000 / 2007696
440000 / 2007696
450000 / 2007696
460000 / 2007696
470000 / 2007696
480000 / 2007696
490000 / 2007696
500000 / 2007696
510000 / 2007696
520000 / 2007696
530000 / 2007696
540000 / 2007696
550000 / 2007696
560000 / 2007696
570000 / 2007696
580000 / 2007696
590000 / 2007696
600000 / 2007696
610000 / 2007696
620000 / 2007696
630000 / 2007696
640000 / 2007696
650000 / 2007696
660000 / 2007696
670000 / 2007696
680000 / 2007696
690000 / 2007696
700000 / 2007696
710000 / 2007696
720000 / 2007696
730000 / 2007696
740000 / 2007696
750000 / 2007696
760000 / 2007696
770000 / 2007696
780000 / 2007696
790000 / 2007696
800000 / 2007696
810000 / 2007696
820000 / 2007696
830000 / 2007696
840000 / 2007696
850000 / 2007696
860000 / 2007696
870000 / 2007696
880000 / 2007696
890000 / 2007696
900000 / 2007696
910000 / 2007696
920000 / 2007696
930000 / 2007696
940000 / 2007696
950000 / 2007696
960000 / 2007696
970000 / 2007696
980000 / 2007696
990000 / 2007696
1000000 / 2007696
1010000 / 2007696
1020000 / 2007696
1030000 / 2007696
1040000 / 2007696
1050000 / 2007696
1060000 / 2007696
1070000 / 2007696
1080000 / 2007696
1090000 / 2007696
1100000 / 2007696
1110000 / 2007696
1120000 / 2007696
1130000 / 2007696
1140000 / 2007696
1150000 / 2007696
1160000 / 2007696
1170000 / 2007696
1180000 / 2007696
1190000 / 2007696
1200000 / 2007696
1210000 / 2007696
1220000 / 2007696
1230000 / 2007696
1240000 / 2007696
1250000 / 2007696
1260000 / 2007696
1270000 / 2007696
1280000 / 2007696
1290000 / 2007696
1300000 / 2007696
1310000 / 2007696
1320000 / 2007696
1330000 / 2007696
1340000 / 2007696
1350000 / 2007696
1360000 / 2007696
1370000 / 2007696
1380000 / 2007696
1390000 / 2007696
1400000 / 2007696
1410000 / 2007696
1420000 / 2007696
1430000 / 2007696
1440000 / 2007696
1450000 / 2007696
1460000 / 2007696
1470000 / 2007696
1480000 / 2007696
1490000 / 2007696
1500000 / 2007696
1510000 / 2007696
1520000 / 2007696
1530000 / 2007696
1540000 / 2007696
1550000 / 2007696
1560000 / 2007696
1570000 / 2007696
1580000 / 2007696
1590000 / 2007696
1600000 / 2007696
1610000 / 2007696
1620000 / 2007696
1630000 / 2007696
1640000 / 2007696
1650000 / 2007696
1660000 / 2007696
1670000 / 2007696
1680000 / 2007696
1690000 / 2007696
1700000 / 2007696
1710000 / 2007696
1720000 / 2007696
1730000 / 2007696
1740000 / 2007696
1750000 / 2007696
1760000 / 2007696
1770000 / 2007696
1780000 / 2007696
1790000 / 2007696
1800000 / 2007696
1810000 / 2007696
1820000 / 2007696
1830000 / 2007696
1840000 / 2007696
1850000 / 2007696
1860000 / 2007696
1870000 / 2007696
1880000 / 2007696
1890000 / 2007696
1900000 / 2007696
1910000 / 2007696
1920000 / 2007696
1930000 / 2007696
1940000 / 2007696
1950000 / 2007696
1960000 / 2007696
1970000 / 2007696
1980000 / 2007696
1990000 / 2007696
2000000 / 2007696
0 / 3198673
10000 / 3198673
20000 / 3198673
30000 / 3198673
40000 / 3198673
50000 / 3198673
60000 / 3198673
70000 / 3198673
80000 / 3198673
90000 / 3198673
100000 / 3198673
110000 / 3198673
120000 / 3198673
130000 / 3198673
140000 / 3198673
150000 / 3198673
160000 / 3198673
170000 / 3198673
180000 / 3198673
190000 / 3198673
200000 / 3198673
210000 / 3198673
220000 / 3198673
230000 / 3198673
240000 / 3198673
250000 / 3198673
260000 / 3198673
270000 / 3198673
280000 / 3198673
290000 / 3198673
300000 / 3198673
310000 / 3198673
320000 / 3198673
330000 / 3198673
340000 / 3198673
350000 / 3198673
360000 / 3198673
370000 / 3198673
380000 / 3198673
390000 / 3198673
400000 / 3198673
410000 / 3198673
420000 / 3198673
430000 / 3198673
440000 / 3198673
450000 / 3198673
460000 / 3198673
470000 / 3198673
480000 / 3198673
490000 / 3198673
500000 / 3198673
510000 / 3198673
520000 / 3198673
530000 / 3198673
540000 / 3198673
550000 / 3198673
560000 / 3198673
570000 / 3198673
580000 / 3198673
590000 / 3198673
600000 / 3198673
610000 / 3198673
620000 / 3198673
630000 / 3198673
640000 / 3198673
650000 / 3198673
660000 / 3198673
670000 / 3198673
680000 / 3198673
690000 / 3198673
700000 / 3198673
710000 / 3198673
720000 / 3198673
730000 / 3198673
740000 / 3198673
750000 / 3198673
760000 / 3198673
770000 / 3198673
780000 / 3198673
790000 / 3198673
800000 / 3198673
810000 / 3198673
820000 / 3198673
830000 / 3198673
840000 / 3198673
850000 / 3198673
860000 / 3198673
870000 / 3198673
880000 / 3198673
890000 / 3198673
900000 / 3198673
910000 / 3198673
920000 / 3198673
930000 / 3198673
940000 / 3198673
950000 / 3198673
960000 / 3198673
970000 / 3198673
980000 / 3198673
990000 / 3198673
1000000 / 3198673
1010000 / 3198673
1020000 / 3198673
1030000 / 3198673
1040000 / 3198673
1050000 / 3198673
1060000 / 3198673
1070000 / 3198673
1080000 / 3198673
1090000 / 3198673
1100000 / 3198673
1110000 / 3198673
1120000 / 3198673
1130000 / 3198673
1140000 / 3198673
1150000 / 3198673
1160000 / 3198673
1170000 / 3198673
1180000 / 3198673
1190000 / 3198673
1200000 / 3198673
1210000 / 3198673
1220000 / 3198673
1230000 / 3198673
1240000 / 3198673
1250000 / 3198673
1260000 / 3198673
1270000 / 3198673
1280000 / 3198673
1290000 / 3198673
1300000 / 3198673
1310000 / 3198673
1320000 / 3198673
1330000 / 3198673
1340000 / 3198673
1350000 / 3198673
1360000 / 3198673
1370000 / 3198673
1380000 / 3198673
1390000 / 3198673
1400000 / 3198673
1410000 / 3198673
1420000 / 3198673
1430000 / 3198673
1440000 / 3198673
1450000 / 3198673
1460000 / 3198673
1470000 / 3198673
1480000 / 3198673
1490000 / 3198673
1500000 / 3198673
1510000 / 3198673
1520000 / 3198673
1530000 / 3198673
1540000 / 3198673
1550000 / 3198673
1560000 / 3198673
1570000 / 3198673
1580000 / 3198673
1590000 / 3198673
1600000 / 3198673
1610000 / 3198673
1620000 / 3198673
1630000 / 3198673
1640000 / 3198673
1650000 / 3198673
1660000 / 3198673
1670000 / 3198673
1680000 / 3198673
1690000 / 3198673
1700000 / 3198673
1710000 / 3198673
1720000 / 3198673
1730000 / 3198673
1740000 / 3198673
1750000 / 3198673
1760000 / 3198673
1770000 / 3198673
1780000 / 3198673
1790000 / 3198673
1800000 / 3198673
1810000 / 3198673
1820000 / 3198673
1830000 / 3198673
1840000 / 3198673
1850000 / 3198673
1860000 / 3198673
1870000 / 3198673
1880000 / 3198673
1890000 / 3198673
1900000 / 3198673
1910000 / 3198673
1920000 / 3198673
1930000 / 3198673
1940000 / 3198673
1950000 / 3198673
1960000 / 3198673
1970000 / 3198673
1980000 / 3198673
1990000 / 3198673
2000000 / 3198673
2010000 / 3198673
2020000 / 3198673
2030000 / 3198673
2040000 / 3198673
2050000 / 3198673
2060000 / 3198673
2070000 / 3198673
2080000 / 3198673
2090000 / 3198673
2100000 / 3198673
2110000 / 3198673
2120000 / 3198673
2130000 / 3198673
2140000 / 3198673
2150000 / 3198673
2160000 / 3198673
2170000 / 3198673
2180000 / 3198673
2190000 / 3198673
2200000 / 3198673
2210000 / 3198673
2220000 / 3198673
2230000 / 3198673
2240000 / 3198673
2250000 / 3198673
2260000 / 3198673
2270000 / 3198673
2280000 / 3198673
2290000 / 3198673
2300000 / 3198673
2310000 / 3198673
2320000 / 3198673
2330000 / 3198673
2340000 / 3198673
2350000 / 3198673
2360000 / 3198673
2370000 / 3198673
2380000 / 3198673
2390000 / 3198673
2400000 / 3198673
2410000 / 3198673
2420000 / 3198673
2430000 / 3198673
2440000 / 3198673
2450000 / 3198673
2460000 / 3198673
2470000 / 3198673
2480000 / 3198673
2490000 / 3198673
2500000 / 3198673
2510000 / 3198673
2520000 / 3198673
2530000 / 3198673
2540000 / 3198673
2550000 / 3198673
2560000 / 3198673
2570000 / 3198673
2580000 / 3198673
2590000 / 3198673
2600000 / 3198673
2610000 / 3198673
2620000 / 3198673
2630000 / 3198673
2640000 / 3198673
2650000 / 3198673
2660000 / 3198673
2670000 / 3198673
2680000 / 3198673
2690000 / 3198673
2700000 / 3198673
2710000 / 3198673
2720000 / 3198673
2730000 / 3198673
2740000 / 3198673
2750000 / 3198673
2760000 / 3198673
2770000 / 3198673
2780000 / 3198673
2790000 / 3198673
2800000 / 3198673
2810000 / 3198673
2820000 / 3198673
2830000 / 3198673
2840000 / 3198673
2850000 / 3198673
2860000 / 3198673
2870000 / 3198673
2880000 / 3198673
2890000 / 3198673
2900000 / 3198673
2910000 / 3198673
2920000 / 3198673
2930000 / 3198673
2940000 / 3198673
2950000 / 3198673
2960000 / 3198673
2970000 / 3198673
2980000 / 3198673
2990000 / 3198673
3000000 / 3198673
3010000 / 3198673
3020000 / 3198673
3030000 / 3198673
3040000 / 3198673
3050000 / 3198673
3060000 / 3198673
3070000 / 3198673
3080000 / 3198673
3090000 / 3198673
3100000 / 3198673
3110000 / 3198673
3120000 / 3198673
3130000 / 3198673
3140000 / 3198673
3150000 / 3198673
3160000 / 3198673
3170000 / 3198673
3180000 / 3198673
3190000 / 3198673
Warning in <Fit>: Fit data is empty 
0 0 0 0 
#sigma_{Gaus} = 0.000
82.696 1.499 82.500 25.563 
#sigma_{Gaus} = 25.563
Warning in <Fit>: Fit data is empty 
0.000 0.000 0.000 0.000 
#sigma_{Gaus} = 0.000
93.106 1.435 91.776 8.412 
#sigma_{Gaus} = 8.412
86.795 1.007 81.677 84.506 
#sigma_{Gaus} = 84.506
Warning in <Fit>: Fit data is empty 
0.000 0.000 0.000 0.000 
#sigma_{Gaus} = 0.000
91.249 1.222 90.352 16.290 
#sigma_{Gaus} = 16.290
Warning in <Fit>: Fit data is empty 
0.000 0.000 0.000 0.000 
#sigma_{Gaus} = 0.000
90.916 1.857 88.981 7.920 
#sigma_{Gaus} = 7.920
94.638 1.005 92.309 111.130 
#sigma_{Gaus} = 111.130
89.113 8.496 90.438 3.209 
#sigma_{Gaus} = 3.209
88.757 53.269 336.353 93.716 
#sigma_{Gaus} = 93.716
88.939 1.328 87.119 13.080 
#sigma_{Gaus} = 13.080
92.764 1.005 91.800 117.909 
#sigma_{Gaus} = 117.909
89.380 13.202 91.006 2.209 
#sigma_{Gaus} = 2.209
90.152 2.996 92.328 5.097 
#sigma_{Gaus} = 5.097
89.860 4.400 92.790 5.895 
#sigma_{Gaus} = 5.895
90.346 1.595 89.492 22.852 
#sigma_{Gaus} = 22.852
89.199 50.054 90.067 3.025 
#sigma_{Gaus} = 3.025
89.803 14.031 91.488 2.561 
#sigma_{Gaus} = 2.561
88.198 7.459 90.149 2.588 
#sigma_{Gaus} = 2.588
91.551 1.428 94.839 15.897 
#sigma_{Gaus} = 15.897
89.842 48.945 90.494 3.136 
#sigma_{Gaus} = 3.136
90.266 14.068 91.635 2.560 
#sigma_{Gaus} = 2.560
89.855 20.821 91.041 3.062 
#sigma_{Gaus} = 3.062
92.384 11.033 92.455 3.046 
#sigma_{Gaus} = 3.046
89.124 169.625 90.275 3.433 
#sigma_{Gaus} = 3.433
90.942 53.709 91.471 2.323 
#sigma_{Gaus} = 2.323
89.344 25.278 90.362 3.273 
#sigma_{Gaus} = 3.273
90.539 6.844 91.861 4.204 
#sigma_{Gaus} = 4.204
89.508 171.577 90.601 3.485 
#sigma_{Gaus} = 3.485
90.963 56.161 91.767 2.148 
#sigma_{Gaus} = 2.148
89.641 46.568 91.163 3.745 
#sigma_{Gaus} = 3.745
91.222 28.392 92.115 2.990 
#sigma_{Gaus} = 2.990
89.632 438.106 90.480 3.514 
#sigma_{Gaus} = 3.514
90.902 142.554 91.567 2.332 
#sigma_{Gaus} = 2.332
88.956 63.657 90.375 3.584 
#sigma_{Gaus} = 3.584
90.516 18.800 91.760 2.982 
#sigma_{Gaus} = 2.982
90.070 469.860 90.842 3.389 
#sigma_{Gaus} = 3.389
90.982 160.222 91.548 2.196 
#sigma_{Gaus} = 2.196
89.268 97.626 90.772 3.918 
#sigma_{Gaus} = 3.918
91.466 51.373 92.321 3.055 
#sigma_{Gaus} = 3.055
89.343 986.122 90.458 3.344 
#sigma_{Gaus} = 3.344
90.969 251.512 91.389 2.570 
#sigma_{Gaus} = 2.570
89.089 124.429 90.034 3.894 
#sigma_{Gaus} = 3.894
90.859 37.502 91.469 3.102 
#sigma_{Gaus} = 3.102
89.824 1018.345 90.935 3.278 
#sigma_{Gaus} = 3.278
90.930 266.083 91.504 2.574 
#sigma_{Gaus} = 2.574
89.749 184.927 91.028 3.760 
#sigma_{Gaus} = 3.760
91.629 93.837 92.053 3.146 
#sigma_{Gaus} = 3.146
89.395 1723.490 90.460 3.410 
#sigma_{Gaus} = 3.410
91.063 491.374 91.448 2.399 
#sigma_{Gaus} = 2.399
88.880 223.166 90.304 3.847 
#sigma_{Gaus} = 3.847
91.043 65.246 91.369 3.292 
#sigma_{Gaus} = 3.292
89.949 1831.034 90.944 3.295 
#sigma_{Gaus} = 3.295
90.963 495.996 91.482 2.381 
#sigma_{Gaus} = 2.381
89.541 270.406 90.804 3.990 
#sigma_{Gaus} = 3.990
91.417 156.428 92.224 3.003 
#sigma_{Gaus} = 3.003
89.468 2672.106 90.454 3.440 
#sigma_{Gaus} = 3.440
91.084 670.482 91.484 2.627 
#sigma_{Gaus} = 2.627
88.953 345.545 90.159 3.823 
#sigma_{Gaus} = 3.823
90.922 110.893 91.431 3.011 
#sigma_{Gaus} = 3.011
89.885 2765.769 90.766 3.423 
#sigma_{Gaus} = 3.423
90.945 713.043 91.452 2.595 
#sigma_{Gaus} = 2.595
89.681 374.334 90.841 4.082 
#sigma_{Gaus} = 4.082
91.281 192.668 92.118 3.166 
#sigma_{Gaus} = 3.166
89.463 3756.544 90.510 3.423 
#sigma_{Gaus} = 3.423
91.120 978.254 91.504 2.478 
#sigma_{Gaus} = 2.478
88.847 490.097 90.171 3.882 
#sigma_{Gaus} = 3.882
90.478 142.954 91.365 3.253 
#sigma_{Gaus} = 3.253
89.887 3928.490 90.854 3.339 
#sigma_{Gaus} = 3.339
90.861 967.619 91.483 2.566 
#sigma_{Gaus} = 2.566
89.463 495.255 90.813 3.970 
#sigma_{Gaus} = 3.970
91.480 235.569 92.314 3.262 
#sigma_{Gaus} = 3.262
89.487 4875.805 90.533 3.421 
#sigma_{Gaus} = 3.421
90.970 1179.953 91.411 2.617 
#sigma_{Gaus} = 2.617
88.907 631.018 90.142 3.842 
#sigma_{Gaus} = 3.842
90.636 177.706 91.310 3.340 
#sigma_{Gaus} = 3.340
89.868 5051.135 90.865 3.375 
#sigma_{Gaus} = 3.375
90.955 1234.087 91.448 2.564 
#sigma_{Gaus} = 2.564
89.672 626.059 90.805 3.899 
#sigma_{Gaus} = 3.899
91.575 272.541 92.226 3.363 
#sigma_{Gaus} = 3.363
89.487 5791.763 90.539 3.450 
#sigma_{Gaus} = 3.450
90.964 1448.479 91.447 2.521 
#sigma_{Gaus} = 2.521
88.846 742.091 90.025 3.937 
#sigma_{Gaus} = 3.937
90.848 203.183 91.263 3.270 
#sigma_{Gaus} = 3.270
89.850 6070.100 90.830 3.358 
#sigma_{Gaus} = 3.358
90.760 1486.984 91.419 2.499 
#sigma_{Gaus} = 2.499
89.562 678.889 90.715 4.108 
#sigma_{Gaus} = 4.108
91.752 306.831 92.133 3.438 
#sigma_{Gaus} = 3.438
89.487 6721.220 90.549 3.397 
#sigma_{Gaus} = 3.397
91.004 1573.929 91.492 2.543 
#sigma_{Gaus} = 2.543
88.848 865.861 90.047 3.945 
#sigma_{Gaus} = 3.945
90.605 211.236 91.245 3.677 
#sigma_{Gaus} = 3.677
89.832 6977.747 90.814 3.325 
#sigma_{Gaus} = 3.325
90.837 1607.134 91.430 2.546 
#sigma_{Gaus} = 2.546
89.598 743.077 90.781 3.999 
#sigma_{Gaus} = 3.999
91.481 330.842 92.346 3.205 
#sigma_{Gaus} = 3.205
89.594 7321.746 90.561 3.396 
#sigma_{Gaus} = 3.396
90.983 1726.655 91.478 2.500 
#sigma_{Gaus} = 2.500
88.832 917.299 89.956 3.915 
#sigma_{Gaus} = 3.915
90.540 251.983 91.239 3.094 
#sigma_{Gaus} = 3.094
89.911 7628.433 90.852 3.332 
#sigma_{Gaus} = 3.332
90.854 1700.714 91.438 2.555 
#sigma_{Gaus} = 2.555
89.700 801.060 90.873 4.031 
#sigma_{Gaus} = 4.031
91.649 322.223 92.126 3.470 
#sigma_{Gaus} = 3.470
89.597 7558.711 90.581 3.428 
#sigma_{Gaus} = 3.428
91.065 1762.540 91.445 2.500 
#sigma_{Gaus} = 2.500
88.721 976.282 90.047 3.889 
#sigma_{Gaus} = 3.889
90.699 239.529 91.165 3.451 
#sigma_{Gaus} = 3.451
89.917 7892.744 90.831 3.346 
#sigma_{Gaus} = 3.346
90.926 1718.986 91.408 2.528 
#sigma_{Gaus} = 2.528
89.559 805.406 90.788 4.011 
#sigma_{Gaus} = 4.011
91.631 328.139 92.187 3.334 
#sigma_{Gaus} = 3.334
89.569 7639.071 90.573 3.417 
#sigma_{Gaus} = 3.417
91.049 1685.351 91.400 2.545 
#sigma_{Gaus} = 2.545
88.768 954.148 89.928 3.983 
#sigma_{Gaus} = 3.983
90.751 236.498 91.322 3.458 
#sigma_{Gaus} = 3.458
89.867 7859.848 90.814 3.368 
#sigma_{Gaus} = 3.368
90.973 1703.765 91.394 2.536 
#sigma_{Gaus} = 2.536
89.613 758.622 90.843 4.057 
#sigma_{Gaus} = 4.057
91.358 319.539 92.209 3.296 
#sigma_{Gaus} = 3.296
89.601 7446.998 90.601 3.447 
#sigma_{Gaus} = 3.447
91.097 1675.095 91.482 2.474 
#sigma_{Gaus} = 2.474
88.801 919.692 89.877 3.979 
#sigma_{Gaus} = 3.979
90.614 226.733 91.158 3.362 
#sigma_{Gaus} = 3.362
89.827 7648.589 90.774 3.398 
#sigma_{Gaus} = 3.398
90.855 1659.638 91.380 2.476 
#sigma_{Gaus} = 2.476
89.759 730.880 90.851 4.096 
#sigma_{Gaus} = 4.096
91.637 288.412 92.244 3.333 
#sigma_{Gaus} = 3.333
89.595 7023.642 90.580 3.444 
#sigma_{Gaus} = 3.444
90.980 1550.608 91.393 2.492 
#sigma_{Gaus} = 2.492
88.783 874.843 89.924 4.037 
#sigma_{Gaus} = 4.037
91.003 210.994 91.372 3.322 
#sigma_{Gaus} = 3.322
89.775 7170.280 90.728 3.423 
#sigma_{Gaus} = 3.423
90.792 1495.422 91.311 2.535 
#sigma_{Gaus} = 2.535
89.767 677.781 90.895 4.064 
#sigma_{Gaus} = 4.064
91.535 266.642 92.017 3.354 
#sigma_{Gaus} = 3.354
89.632 6593.800 90.627 3.417 
#sigma_{Gaus} = 3.417
91.081 1387.952 91.455 2.537 
#sigma_{Gaus} = 2.537
88.776 811.617 89.845 4.031 
#sigma_{Gaus} = 4.031
90.757 191.726 91.101 3.398 
#sigma_{Gaus} = 3.398
89.891 6805.829 90.772 3.347 
#sigma_{Gaus} = 3.347
90.879 1303.320 91.393 2.585 
#sigma_{Gaus} = 2.585
89.756 612.266 90.907 4.206 
#sigma_{Gaus} = 4.206
91.656 232.726 92.224 3.370 
#sigma_{Gaus} = 3.370
89.657 5935.793 90.611 3.445 
#sigma_{Gaus} = 3.445
91.168 1165.784 91.455 2.599 
#sigma_{Gaus} = 2.599
88.812 705.930 89.808 4.111 
#sigma_{Gaus} = 4.111
90.693 170.168 91.183 3.299 
#sigma_{Gaus} = 3.299
89.803 6002.403 90.737 3.437 
#sigma_{Gaus} = 3.437
90.915 1156.380 91.357 2.549 
#sigma_{Gaus} = 2.549
89.835 535.610 90.826 4.136 
#sigma_{Gaus} = 4.136
91.610 194.895 92.185 3.326 
#sigma_{Gaus} = 3.326
89.691 5201.046 90.623 3.471 
#sigma_{Gaus} = 3.471
91.188 1026.928 91.399 2.568 
#sigma_{Gaus} = 2.568
88.527 625.760 89.704 4.099 
#sigma_{Gaus} = 4.099
90.468 137.151 90.941 3.553 
#sigma_{Gaus} = 3.553
89.770 5285.197 90.643 3.427 
#sigma_{Gaus} = 3.427
90.798 975.396 91.333 2.540 
#sigma_{Gaus} = 2.540
89.743 473.943 90.973 4.129 
#sigma_{Gaus} = 4.129
91.726 170.735 92.295 3.245 
#sigma_{Gaus} = 3.245
89.683 4571.050 90.652 3.461 
#sigma_{Gaus} = 3.461
91.064 867.199 91.437 2.531 
#sigma_{Gaus} = 2.531
88.734 535.279 89.804 4.038 
#sigma_{Gaus} = 4.038
90.720 121.205 91.314 3.386 
#sigma_{Gaus} = 3.386
89.715 4618.753 90.680 3.407 
#sigma_{Gaus} = 3.407
90.971 834.198 91.307 2.543 
#sigma_{Gaus} = 2.543
89.582 401.025 90.887 4.106 
#sigma_{Gaus} = 4.106
91.732 140.874 92.077 3.291 
#sigma_{Gaus} = 3.291
89.619 3785.263 90.657 3.460 
#sigma_{Gaus} = 3.460
91.058 730.104 91.451 2.524 
#sigma_{Gaus} = 2.524
88.586 445.370 89.730 4.140 
#sigma_{Gaus} = 4.140
90.499 96.947 91.101 3.180 
#sigma_{Gaus} = 3.180
89.706 3801.137 90.669 3.391 
#sigma_{Gaus} = 3.391
90.770 683.047 91.290 2.563 
#sigma_{Gaus} = 2.563
89.807 318.183 90.860 4.206 
#sigma_{Gaus} = 4.206
91.459 120.627 92.095 3.056 
#sigma_{Gaus} = 3.056
89.685 3053.286 90.663 3.475 
#sigma_{Gaus} = 3.475
91.125 560.193 91.390 2.650 
#sigma_{Gaus} = 2.650
88.643 373.616 89.755 4.061 
#sigma_{Gaus} = 4.061
90.258 83.592 90.844 3.175 
#sigma_{Gaus} = 3.175
89.732 3041.728 90.641 3.445 
#sigma_{Gaus} = 3.445
90.835 518.311 91.221 2.635 
#sigma_{Gaus} = 2.635
89.860 269.007 90.915 4.208 
#sigma_{Gaus} = 4.208
91.857 82.493 92.143 3.304 
#sigma_{Gaus} = 3.304
89.716 2506.391 90.697 3.392 
#sigma_{Gaus} = 3.392
91.007 463.647 91.415 2.441 
#sigma_{Gaus} = 2.441
88.699 279.608 89.615 4.195 
#sigma_{Gaus} = 4.195
90.976 60.827 91.043 3.184 
#sigma_{Gaus} = 3.184
89.772 2444.560 90.678 3.392 
#sigma_{Gaus} = 3.392
90.859 428.757 91.312 2.454 
#sigma_{Gaus} = 2.454
89.826 211.204 90.927 3.950 
#sigma_{Gaus} = 3.950
91.490 62.475 92.007 3.247 
#sigma_{Gaus} = 3.247
89.750 1910.556 90.671 3.517 
#sigma_{Gaus} = 3.517
90.992 318.270 91.354 2.681 
#sigma_{Gaus} = 2.681
88.895 235.627 89.885 3.954 
#sigma_{Gaus} = 3.954
89.941 43.153 90.817 3.205 
#sigma_{Gaus} = 3.205
89.764 1876.065 90.567 3.437 
#sigma_{Gaus} = 3.437
90.795 316.727 91.215 2.451 
#sigma_{Gaus} = 2.451
89.937 155.622 91.018 4.082 
#sigma_{Gaus} = 4.082
91.263 41.956 91.881 3.447 
#sigma_{Gaus} = 3.447
89.855 1453.837 90.706 3.494 
#sigma_{Gaus} = 3.494
90.975 233.883 91.284 2.581 
#sigma_{Gaus} = 2.581
88.567 181.913 89.667 3.829 
#sigma_{Gaus} = 3.829
90.455 30.451 90.949 3.109 
#sigma_{Gaus} = 3.109
89.805 1414.786 90.637 3.484 
#sigma_{Gaus} = 3.484
91.115 213.465 91.248 2.537 
#sigma_{Gaus} = 2.537
90.024 119.758 91.038 4.003 
#sigma_{Gaus} = 4.003
91.540 32.794 92.453 3.122 
#sigma_{Gaus} = 3.122
89.775 1089.107 90.787 3.416 
#sigma_{Gaus} = 3.416
91.149 182.535 91.443 2.484 
#sigma_{Gaus} = 2.484
88.705 123.276 89.876 4.090 
#sigma_{Gaus} = 4.090
91.126 22.017 91.374 3.394 
#sigma_{Gaus} = 3.394
89.663 1004.810 90.574 3.434 
#sigma_{Gaus} = 3.434
90.758 164.408 91.314 2.502 
#sigma_{Gaus} = 2.502
90.142 94.342 91.172 3.791 
#sigma_{Gaus} = 3.791
91.719 17.809 92.856 3.399 
#sigma_{Gaus} = 3.399
89.813 780.051 90.765 3.451 
#sigma_{Gaus} = 3.451
91.346 130.928 91.304 2.314 
#sigma_{Gaus} = 2.314
88.771 85.733 89.490 4.168 
#sigma_{Gaus} = 4.168
90.838 14.542 91.551 3.482 
#sigma_{Gaus} = 3.482
89.620 702.215 90.553 3.483 
#sigma_{Gaus} = 3.483
90.896 104.405 91.099 2.560 
#sigma_{Gaus} = 2.560
89.950 55.195 90.682 4.402 
#sigma_{Gaus} = 4.402
91.047 11.416 91.902 3.513 
#sigma_{Gaus} = 3.513
89.845 543.379 90.826 3.439 
#sigma_{Gaus} = 3.439
90.614 86.374 91.543 2.534 
#sigma_{Gaus} = 2.534
88.334 50.921 89.296 4.288 
#sigma_{Gaus} = 4.288
91.216 7.063 91.921 3.965 
#sigma_{Gaus} = 3.965
89.812 521.255 90.650 3.290 
#sigma_{Gaus} = 3.290
90.611 77.398 91.201 2.377 
#sigma_{Gaus} = 2.377
89.670 40.831 90.486 4.244 
#sigma_{Gaus} = 4.244
92.272 7.813 91.626 4.711 
#sigma_{Gaus} = 4.711
89.846 366.131 90.771 3.495 
#sigma_{Gaus} = 3.495
91.294 63.914 91.359 2.353 
#sigma_{Gaus} = 2.353
88.716 43.222 89.480 3.712 
#sigma_{Gaus} = 3.712
89.780 4.777 90.425 7.562 
#sigma_{Gaus} = 7.562
89.855 353.209 90.747 3.260 
#sigma_{Gaus} = 3.260
90.655 40.161 90.977 2.895 
#sigma_{Gaus} = 2.895
90.922 28.094 91.522 4.175 
#sigma_{Gaus} = 4.175
91.557 3.487 92.089 6.247 
#sigma_{Gaus} = 6.247
89.894 276.701 90.806 3.274 
#sigma_{Gaus} = 3.274
90.544 39.606 91.341 2.621 
#sigma_{Gaus} = 2.621
88.335 28.565 89.150 3.728 
#sigma_{Gaus} = 3.728
89.579 3.869 89.672 4.772 
#sigma_{Gaus} = 4.772
89.535 216.666 90.492 3.415 
#sigma_{Gaus} = 3.415
91.465 33.716 91.736 2.297 
#sigma_{Gaus} = 2.297
90.187 18.853 91.452 3.853 
#sigma_{Gaus} = 3.853
91.257 5.495 91.641 3.347 
#sigma_{Gaus} = 3.347
89.906 176.550 90.867 3.221 
#sigma_{Gaus} = 3.221
91.040 25.378 91.415 2.392 
#sigma_{Gaus} = 2.392
88.994 14.572 89.912 3.884 
#sigma_{Gaus} = 3.884
89.735 1.623 88.965 20.480 
#sigma_{Gaus} = 20.480
89.991 145.578 90.730 3.479 
#sigma_{Gaus} = 3.479
91.024 21.511 91.597 2.290 
#sigma_{Gaus} = 2.290
89.978 10.888 90.574 3.729 
#sigma_{Gaus} = 3.729
91.042 1.938 89.622 12.403 
#sigma_{Gaus} = 12.403
90.094 100.214 90.674 3.634 
#sigma_{Gaus} = 3.634
91.436 3.356 92.868 8.919 
#sigma_{Gaus} = 8.919
88.950 11.788 90.101 3.936 
#sigma_{Gaus} = 3.936
90.427 1.529 89.418 11.604 
#sigma_{Gaus} = 11.604
89.725 82.890 90.550 3.658 
#sigma_{Gaus} = 3.658
91.312 11.197 91.464 2.506 
#sigma_{Gaus} = 2.506
89.975 6.501 90.465 5.064 
#sigma_{Gaus} = 5.064
93.887 1.586 94.730 16.738 
#sigma_{Gaus} = 16.738
89.904 76.716 90.932 3.332 
#sigma_{Gaus} = 3.332
92.138 11.127 91.818 2.312 
#sigma_{Gaus} = 2.312
89.386 8.948 89.961 2.460 
#sigma_{Gaus} = 2.460
94.306 1.338 96.245 9.615 
#sigma_{Gaus} = 9.615
89.508 55.057 90.286 3.295 
#sigma_{Gaus} = 3.295
91.915 4.110 92.285 3.739 
#sigma_{Gaus} = 3.739
91.570 4.244 91.350 4.980 
#sigma_{Gaus} = 4.980
92.223 1.150 98.170 28.944 
#sigma_{Gaus} = 28.944
90.115 46.518 91.023 3.055 
#sigma_{Gaus} = 3.055
93.381 5.017 91.868 2.890 
#sigma_{Gaus} = 2.890
88.699 2.236 88.965 9.760 
#sigma_{Gaus} = 9.760
93.350 1.393 93.846 4.792 
#sigma_{Gaus} = 4.792
89.590 36.986 90.456 2.781 
#sigma_{Gaus} = 2.781
91.187 4.077 90.639 2.858 
#sigma_{Gaus} = 2.858
88.434 1.999 90.594 13.725 
#sigma_{Gaus} = 13.725
92.752 1.221 95.057 8.559 
#sigma_{Gaus} = 8.559
90.473 26.704 90.477 3.398 
#sigma_{Gaus} = 3.398
92.169 3.508 92.747 3.329 
#sigma_{Gaus} = 3.329
89.914 3.570 91.131 4.664 
#sigma_{Gaus} = 4.664
96.447 1.005 99.203 91.720 
#sigma_{Gaus} = 91.720
89.685 21.174 90.871 2.962 
#sigma_{Gaus} = 2.962
93.069 2.273 87.086 13.559 
#sigma_{Gaus} = 13.559
93.338 2.225 94.121 7.285 
#sigma_{Gaus} = 7.285
87.213 1.005 85.436 87.239 
#sigma_{Gaus} = 87.239
89.292 17.150 91.055 3.050 
#sigma_{Gaus} = 3.050
92.749 1.892 93.040 4.842 
#sigma_{Gaus} = 4.842
90.057 1.187 87.008 33.156 
#sigma_{Gaus} = 33.156
89.407 1.280 89.667 0.238 
#sigma_{Gaus} = 0.238
89.542 15.276 90.289 2.249 
#sigma_{Gaus} = 2.249
92.427 4.130 89.558 2.679 
#sigma_{Gaus} = 2.679
91.604 1.153 91.810 11.051 
#sigma_{Gaus} = 11.051
95.786 1.288 95.675 0.246 
#sigma_{Gaus} = 0.246
91.427 7.971 91.578 3.983 
#sigma_{Gaus} = 3.983
90.248 206.110 160.567 22.039 
#sigma_{Gaus} = 22.039
92.278 1.793 92.234 4.581 
#sigma_{Gaus} = 4.581
91.257 1.005 90.910 28.587 
#sigma_{Gaus} = 28.587
89.290 8.403 91.121 2.716 
#sigma_{Gaus} = 2.716
92.343 1.005 92.500 8.162 
#sigma_{Gaus} = 8.162
88.096 1.009 79.905 96.901 
#sigma_{Gaus} = 96.901
90.370 1.281 90.668 0.239 
#sigma_{Gaus} = 0.239
90.356 7.363 91.355 2.399 
#sigma_{Gaus} = 2.399
88.357 1.493 86.047 7.455 
#sigma_{Gaus} = 7.455
86.488 1.005 86.500 56.568 
#sigma_{Gaus} = 56.568
94.758 1.286 94.674 0.244 
#sigma_{Gaus} = 0.244
92.300 2.562 97.193 10.482 
#sigma_{Gaus} = 10.482
89.831 1.499 90.000 1.667 
#sigma_{Gaus} = 1.667
91.142 1.005 90.228 38.464 
#sigma_{Gaus} = 38.464
110.485 1.297 110.680 0.250 
#sigma_{Gaus} = 0.250
90.659 1.846 91.655 9.042 
#sigma_{Gaus} = 9.042
93.242 1.295 93.679 0.249 
#sigma_{Gaus} = 0.249
89.202 9.008 192.585 51.603 
#sigma_{Gaus} = 51.603
91.402 1.282 91.670 0.241 
#sigma_{Gaus} = 0.241
90.968 2.882 92.051 5.185 
#sigma_{Gaus} = 5.185
85.456 1.005 82.072 98.324 
#sigma_{Gaus} = 98.324
effsigma: Error of type 1
#sigma_{eff} = 9999999.000
#sigma_{eff} = 1.683
effsigma: Error of type 1
#sigma_{eff} = 9999999.000
#sigma_{eff} = 1.732
#sigma_{eff} = 7.524
effsigma: Error of type 3
#sigma_{eff} = -inf
#sigma_{eff} = 4.257
#sigma_{eff} = 5.891
#sigma_{eff} = 2.759
#sigma_{eff} = 2.236
#sigma_{eff} = 19.024
effsigma: Error of type 3
#sigma_{eff} = -inf
#sigma_{eff} = 4.654
#sigma_{eff} = 4.799
#sigma_{eff} = 2.667
#sigma_{eff} = 2.517
#sigma_{eff} = 9.098
#sigma_{eff} = 8.098
#sigma_{eff} = 4.827
#sigma_{eff} = 5.287
#sigma_{eff} = 2.753
#sigma_{eff} = 2.790
#sigma_{eff} = 11.379
#sigma_{eff} = 10.602
#sigma_{eff} = 4.729
#sigma_{eff} = 4.342
#sigma_{eff} = 2.669
#sigma_{eff} = 2.607
#sigma_{eff} = 9.445
#sigma_{eff} = 9.223
#sigma_{eff} = 4.602
#sigma_{eff} = 4.514
#sigma_{eff} = 2.516
#sigma_{eff} = 2.592
#sigma_{eff} = 10.353
#sigma_{eff} = 10.876
#sigma_{eff} = 4.603
#sigma_{eff} = 4.869
#sigma_{eff} = 2.484
#sigma_{eff} = 2.623
#sigma_{eff} = 11.516
#sigma_{eff} = 11.088
#sigma_{eff} = 5.011
#sigma_{eff} = 4.849
#sigma_{eff} = 2.593
#sigma_{eff} = 2.607
#sigma_{eff} = 10.147
#sigma_{eff} = 10.343
#sigma_{eff} = 4.946
#sigma_{eff} = 4.954
#sigma_{eff} = 2.622
#sigma_{eff} = 2.651
#sigma_{eff} = 9.883
#sigma_{eff} = 10.226
#sigma_{eff} = 4.761
#sigma_{eff} = 4.854
#sigma_{eff} = 2.632
#sigma_{eff} = 2.679
#sigma_{eff} = 9.817
#sigma_{eff} = 9.670
#sigma_{eff} = 4.787
#sigma_{eff} = 4.875
#sigma_{eff} = 2.674
#sigma_{eff} = 2.691
#sigma_{eff} = 10.342
#sigma_{eff} = 10.600
#sigma_{eff} = 4.890
#sigma_{eff} = 4.853
#sigma_{eff} = 2.665
#sigma_{eff} = 2.666
#sigma_{eff} = 10.451
#sigma_{eff} = 10.531
#sigma_{eff} = 4.905
#sigma_{eff} = 4.889
#sigma_{eff} = 2.681
#sigma_{eff} = 2.714
#sigma_{eff} = 10.572
#sigma_{eff} = 10.760
#sigma_{eff} = 4.828
#sigma_{eff} = 4.856
#sigma_{eff} = 2.693
#sigma_{eff} = 2.723
#sigma_{eff} = 10.514
#sigma_{eff} = 10.895
#sigma_{eff} = 4.764
#sigma_{eff} = 4.780
#sigma_{eff} = 2.719
#sigma_{eff} = 2.735
#sigma_{eff} = 10.470
#sigma_{eff} = 10.806
#sigma_{eff} = 5.144
#sigma_{eff} = 5.055
#sigma_{eff} = 2.668
#sigma_{eff} = 2.717
#sigma_{eff} = 10.476
#sigma_{eff} = 10.677
#sigma_{eff} = 4.836
#sigma_{eff} = 5.064
#sigma_{eff} = 2.723
#sigma_{eff} = 2.729
#sigma_{eff} = 10.494
#sigma_{eff} = 10.984
#sigma_{eff} = 4.977
#sigma_{eff} = 4.962
#sigma_{eff} = 2.649
#sigma_{eff} = 2.726
#sigma_{eff} = 10.531
#sigma_{eff} = 10.698
#sigma_{eff} = 4.918
#sigma_{eff} = 4.906
#sigma_{eff} = 2.716
#sigma_{eff} = 2.732
#sigma_{eff} = 10.343
#sigma_{eff} = 10.635
#sigma_{eff} = 4.944
#sigma_{eff} = 5.015
#sigma_{eff} = 2.641
#sigma_{eff} = 2.712
#sigma_{eff} = 10.796
#sigma_{eff} = 10.728
#sigma_{eff} = 5.148
#sigma_{eff} = 4.960
#sigma_{eff} = 2.732
#sigma_{eff} = 2.720
#sigma_{eff} = 9.893
#sigma_{eff} = 10.614
#sigma_{eff} = 4.935
#sigma_{eff} = 4.922
#sigma_{eff} = 2.744
#sigma_{eff} = 2.760
#sigma_{eff} = 9.910
#sigma_{eff} = 9.519
#sigma_{eff} = 5.044
#sigma_{eff} = 4.936
#sigma_{eff} = 2.755
#sigma_{eff} = 2.707
#sigma_{eff} = 10.302
#sigma_{eff} = 10.723
#sigma_{eff} = 4.614
#sigma_{eff} = 4.879
#sigma_{eff} = 2.674
#sigma_{eff} = 2.738
#sigma_{eff} = 9.496
#sigma_{eff} = 11.425
#sigma_{eff} = 4.875
#sigma_{eff} = 4.767
#sigma_{eff} = 2.759
#sigma_{eff} = 2.703
#sigma_{eff} = 9.379
#sigma_{eff} = 9.854
#sigma_{eff} = 5.148
#sigma_{eff} = 4.950
#sigma_{eff} = 2.773
#sigma_{eff} = 2.746
#sigma_{eff} = 10.477
#sigma_{eff} = 11.201
#sigma_{eff} = 5.133
#sigma_{eff} = 4.698
#sigma_{eff} = 2.751
#sigma_{eff} = 2.738
#sigma_{eff} = 9.953
#sigma_{eff} = 10.989
#sigma_{eff} = 5.218
#sigma_{eff} = 4.742
#sigma_{eff} = 2.753
#sigma_{eff} = 2.752
#sigma_{eff} = 10.429
#sigma_{eff} = 12.066
#sigma_{eff} = 4.534
#sigma_{eff} = 4.928
#sigma_{eff} = 2.853
#sigma_{eff} = 2.585
#sigma_{eff} = 9.518
#sigma_{eff} = 9.917
#sigma_{eff} = 4.695
#sigma_{eff} = 4.389
#sigma_{eff} = 2.745
#sigma_{eff} = 2.777
#sigma_{eff} = 9.681
#sigma_{eff} = 9.477
#sigma_{eff} = 4.760
#sigma_{eff} = 4.460
#sigma_{eff} = 2.687
#sigma_{eff} = 2.792
#sigma_{eff} = 9.319
#sigma_{eff} = 10.466
#sigma_{eff} = 4.116
#sigma_{eff} = 4.570
#sigma_{eff} = 2.513
#sigma_{eff} = 2.545
#sigma_{eff} = 5.406
#sigma_{eff} = 8.830
#sigma_{eff} = 3.489
#sigma_{eff} = 4.996
#sigma_{eff} = 2.795
#sigma_{eff} = 2.639
#sigma_{eff} = 10.868
#sigma_{eff} = 11.770
#sigma_{eff} = 4.300
#sigma_{eff} = 5.480
#sigma_{eff} = 2.763
#sigma_{eff} = 2.865
#sigma_{eff} = 10.087
#sigma_{eff} = 7.464
#sigma_{eff} = 4.605
#sigma_{eff} = 4.139
#sigma_{eff} = 2.348
#sigma_{eff} = 2.388
#sigma_{eff} = 5.964
#sigma_{eff} = 10.049
#sigma_{eff} = 4.817
#sigma_{eff} = 5.245
#sigma_{eff} = 2.631
#sigma_{eff} = 2.448
#sigma_{eff} = 9.732
#sigma_{eff} = 9.549
#sigma_{eff} = 8.427
#sigma_{eff} = 2.485
#sigma_{eff} = 2.813
#sigma_{eff} = 2.323
#sigma_{eff} = 6.549
effsigma: Error of type 1
#sigma_{eff} = 9999999.000
effsigma: Error of type 3
#sigma_{eff} = 1.445
#sigma_{eff} = 6.257
#sigma_{eff} = 3.090
#sigma_{eff} = 2.696
#sigma_{eff} = 5.183
#sigma_{eff} = 7.183
#sigma_{eff} = 6.257
effsigma: Error of type 3
#sigma_{eff} = 1.262
#sigma_{eff} = 2.610
#sigma_{eff} = 1.874
#sigma_{eff} = 5.183
#sigma_{eff} = 9.683
effsigma: Error of type 3
#sigma_{eff} = -inf
#sigma_{eff} = 2.866
#sigma_{eff} = 3.281
#sigma_{eff} = 2.598
#sigma_{eff} = 9.024
effsigma: Error of type 1
#sigma_{eff} = 9999999.000
effsigma: Error of type 1
#sigma_{eff} = 9999999.000
#sigma_{eff} = 23.183
effsigma: Error of type 1
#sigma_{eff} = 9999999.000
#sigma_{eff} = 1.732
#sigma_{eff} = 3.208
effsigma: Error of type 1
#sigma_{eff} = 9999999.000
#sigma_{eff} = 3.806
effsigma: Error of type 1
#sigma_{eff} = 9999999.000
#sigma_{eff} = 3.781
#sigma_{eff} = 7.366
#sigma_{eff} = 3.335
#sigma_{eff} = 2.943
#sigma_{eff} = 4.391
#sigma_{eff} = 14.524
#sigma_{eff} = 3.104
#sigma_{eff} = 2.860
#sigma_{eff} = 3.997
#sigma_{eff} = 5.745
#sigma_{eff} = 3.764
#sigma_{eff} = 3.209
#sigma_{eff} = 4.569
#sigma_{eff} = 5.836
#sigma_{eff} = 3.759
#sigma_{eff} = 2.908
#sigma_{eff} = 4.144
#sigma_{eff} = 3.726
#sigma_{eff} = 3.965
#sigma_{eff} = 3.017
#sigma_{eff} = 4.088
#sigma_{eff} = 3.921
#sigma_{eff} = 3.947
#sigma_{eff} = 2.844
#sigma_{eff} = 4.227
#sigma_{eff} = 3.562
#sigma_{eff} = 4.006
#sigma_{eff} = 2.978
#sigma_{eff} = 4.250
#sigma_{eff} = 3.509
#sigma_{eff} = 3.831
#sigma_{eff} = 2.851
#sigma_{eff} = 4.480
#sigma_{eff} = 3.482
#sigma_{eff} = 3.892
#sigma_{eff} = 3.122
#sigma_{eff} = 4.492
#sigma_{eff} = 3.482
#sigma_{eff} = 3.799
#sigma_{eff} = 3.204
#sigma_{eff} = 4.384
#sigma_{eff} = 3.782
#sigma_{eff} = 3.915
#sigma_{eff} = 2.962
#sigma_{eff} = 4.359
#sigma_{eff} = 3.724
#sigma_{eff} = 3.824
#sigma_{eff} = 2.993
#sigma_{eff} = 4.496
#sigma_{eff} = 3.469
#sigma_{eff} = 3.926
#sigma_{eff} = 3.164
#sigma_{eff} = 4.354
#sigma_{eff} = 3.504
#sigma_{eff} = 3.861
#sigma_{eff} = 3.099
#sigma_{eff} = 4.642
#sigma_{eff} = 3.755
#sigma_{eff} = 3.948
#sigma_{eff} = 2.965
#sigma_{eff} = 4.417
#sigma_{eff} = 3.668
#sigma_{eff} = 3.839
#sigma_{eff} = 3.116
#sigma_{eff} = 4.509
#sigma_{eff} = 3.774
#sigma_{eff} = 3.903
#sigma_{eff} = 3.122
#sigma_{eff} = 4.402
#sigma_{eff} = 3.880
#sigma_{eff} = 3.842
#sigma_{eff} = 3.085
#sigma_{eff} = 4.437
#sigma_{eff} = 3.881
#sigma_{eff} = 3.922
#sigma_{eff} = 3.032
#sigma_{eff} = 4.491
#sigma_{eff} = 3.790
#sigma_{eff} = 3.842
#sigma_{eff} = 3.082
#sigma_{eff} = 4.615
#sigma_{eff} = 3.813
#sigma_{eff} = 3.894
#sigma_{eff} = 3.123
#sigma_{eff} = 4.457
#sigma_{eff} = 3.992
#sigma_{eff} = 3.825
#sigma_{eff} = 3.122
#sigma_{eff} = 4.492
#sigma_{eff} = 3.779
#sigma_{eff} = 3.881
#sigma_{eff} = 3.031
#sigma_{eff} = 4.446
#sigma_{eff} = 3.685
#sigma_{eff} = 3.804
#sigma_{eff} = 3.120
#sigma_{eff} = 4.517
#sigma_{eff} = 3.898
#sigma_{eff} = 3.922
#sigma_{eff} = 3.074
#sigma_{eff} = 4.447
#sigma_{eff} = 3.896
#sigma_{eff} = 3.854
#sigma_{eff} = 3.153
#sigma_{eff} = 4.556
#sigma_{eff} = 3.772
#sigma_{eff} = 3.891
#sigma_{eff} = 3.146
#sigma_{eff} = 4.479
#sigma_{eff} = 3.758
#sigma_{eff} = 3.852
#sigma_{eff} = 3.097
#sigma_{eff} = 4.632
#sigma_{eff} = 3.769
#sigma_{eff} = 3.940
#sigma_{eff} = 2.983
#sigma_{eff} = 4.546
#sigma_{eff} = 3.808
#sigma_{eff} = 3.873
#sigma_{eff} = 2.999
#sigma_{eff} = 4.565
#sigma_{eff} = 3.834
#sigma_{eff} = 3.943
#sigma_{eff} = 3.047
#sigma_{eff} = 4.579
#sigma_{eff} = 3.846
#sigma_{eff} = 3.913
#sigma_{eff} = 3.054
#sigma_{eff} = 4.603
#sigma_{eff} = 3.718
#sigma_{eff} = 3.921
#sigma_{eff} = 3.063
#sigma_{eff} = 4.478
#sigma_{eff} = 3.831
#sigma_{eff} = 3.833
#sigma_{eff} = 3.180
#sigma_{eff} = 4.620
#sigma_{eff} = 3.825
#sigma_{eff} = 3.914
#sigma_{eff} = 3.082
#sigma_{eff} = 4.518
#sigma_{eff} = 3.663
#sigma_{eff} = 3.892
#sigma_{eff} = 3.112
#sigma_{eff} = 4.550
#sigma_{eff} = 3.794
#sigma_{eff} = 3.949
#sigma_{eff} = 3.105
#sigma_{eff} = 4.595
#sigma_{eff} = 3.989
#sigma_{eff} = 3.901
#sigma_{eff} = 3.087
#sigma_{eff} = 4.633
#sigma_{eff} = 3.798
#sigma_{eff} = 3.914
#sigma_{eff} = 3.069
#sigma_{eff} = 4.517
#sigma_{eff} = 3.845
#sigma_{eff} = 3.856
#sigma_{eff} = 3.049
#sigma_{eff} = 4.624
#sigma_{eff} = 3.706
#sigma_{eff} = 3.934
#sigma_{eff} = 3.060
#sigma_{eff} = 4.623
#sigma_{eff} = 3.746
#sigma_{eff} = 3.862
#sigma_{eff} = 3.086
#sigma_{eff} = 4.710
#sigma_{eff} = 3.577
#sigma_{eff} = 3.928
#sigma_{eff} = 3.071
#sigma_{eff} = 4.496
#sigma_{eff} = 3.622
#sigma_{eff} = 3.897
#sigma_{eff} = 3.115
#sigma_{eff} = 4.693
#sigma_{eff} = 3.825
#sigma_{eff} = 3.873
#sigma_{eff} = 2.972
#sigma_{eff} = 4.543
#sigma_{eff} = 3.647
#sigma_{eff} = 3.894
#sigma_{eff} = 2.976
#sigma_{eff} = 4.463
#sigma_{eff} = 3.493
#sigma_{eff} = 4.008
#sigma_{eff} = 3.268
#sigma_{eff} = 4.418
#sigma_{eff} = 3.482
#sigma_{eff} = 3.877
#sigma_{eff} = 2.979
#sigma_{eff} = 4.491
#sigma_{eff} = 4.086
#sigma_{eff} = 3.927
#sigma_{eff} = 3.154
#sigma_{eff} = 4.315
#sigma_{eff} = 3.922
#sigma_{eff} = 3.910
#sigma_{eff} = 3.230
#sigma_{eff} = 4.432
#sigma_{eff} = 3.961
#sigma_{eff} = 3.914
#sigma_{eff} = 3.057
#sigma_{eff} = 4.540
#sigma_{eff} = 3.699
#sigma_{eff} = 3.920
#sigma_{eff} = 3.119
#sigma_{eff} = 4.359
#sigma_{eff} = 4.129
#sigma_{eff} = 3.953
#sigma_{eff} = 2.997
#sigma_{eff} = 4.574
#sigma_{eff} = 4.471
#sigma_{eff} = 3.978
#sigma_{eff} = 3.152
#sigma_{eff} = 4.831
#sigma_{eff} = 4.618
#sigma_{eff} = 3.932
#sigma_{eff} = 3.067
#sigma_{eff} = 4.896
#sigma_{eff} = 4.571
#sigma_{eff} = 3.805
#sigma_{eff} = 2.882
#sigma_{eff} = 4.772
#sigma_{eff} = 4.416
#sigma_{eff} = 3.961
#sigma_{eff} = 2.842
#sigma_{eff} = 4.422
#sigma_{eff} = 4.949
#sigma_{eff} = 3.750
#sigma_{eff} = 3.295
#sigma_{eff} = 4.454
#sigma_{eff} = 4.837
#sigma_{eff} = 3.798
#sigma_{eff} = 3.137
#sigma_{eff} = 4.237
#sigma_{eff} = 4.269
#sigma_{eff} = 3.919
#sigma_{eff} = 3.001
#sigma_{eff} = 3.848
#sigma_{eff} = 3.404
#sigma_{eff} = 3.691
#sigma_{eff} = 2.925
#sigma_{eff} = 4.348
#sigma_{eff} = 4.726
#sigma_{eff} = 3.904
#sigma_{eff} = 2.857
#sigma_{eff} = 4.374
#sigma_{eff} = 3.952
#sigma_{eff} = 4.085
#sigma_{eff} = 2.717
#sigma_{eff} = 4.006
#sigma_{eff} = 3.147
#sigma_{eff} = 4.291
#sigma_{eff} = 3.007
#sigma_{eff} = 4.331
#sigma_{eff} = 2.435
#sigma_{eff} = 3.970
#sigma_{eff} = 2.823
#sigma_{eff} = 3.859
effsigma: Error of type 3
#sigma_{eff} = 3.598
#sigma_{eff} = 4.084
#sigma_{eff} = 3.388
#sigma_{eff} = 4.172
#sigma_{eff} = 6.123
#sigma_{eff} = 3.523
#sigma_{eff} = 3.617
#sigma_{eff} = 5.513
effsigma: Error of type 3
#sigma_{eff} = 2.208
#sigma_{eff} = 3.506
#sigma_{eff} = 3.226
#sigma_{eff} = 5.002
#sigma_{eff} = 2.574
#sigma_{eff} = 4.006
#sigma_{eff} = 2.854
#sigma_{eff} = 3.273
#sigma_{eff} = 10.524
#sigma_{eff} = 3.479
#sigma_{eff} = 5.086
#sigma_{eff} = 4.038
#sigma_{eff} = 10.524
#sigma_{eff} = 3.723
effsigma: Error of type 3
#sigma_{eff} = 2.980
#sigma_{eff} = 2.458
effsigma: Error of type 3
#sigma_{eff} = -inf
#sigma_{eff} = 3.159
effsigma: Error of type 3
#sigma_{eff} = 1.244
#sigma_{eff} = 4.415
effsigma: Error of type 3
#sigma_{eff} = -inf
#sigma_{eff} = 3.715
#sigma_{eff} = 1.964
#sigma_{eff} = 2.866
#sigma_{eff} = 3.525
#sigma_{eff} = 3.739
effsigma: Error of type 3
#sigma_{eff} = 1.025
#sigma_{eff} = 2.049
effsigma: Error of type 3
#sigma_{eff} = -inf
#sigma_{eff} = 4.794
#sigma_{eff} = 2.549
#sigma_{eff} = 6.207
effsigma: Error of type 3
#sigma_{eff} = -inf
#sigma_{eff} = 3.330
#sigma_{eff} = 1.683
#sigma_{eff} = 2.891
effsigma: Error of type 3
#sigma_{eff} = -inf
#sigma_{eff} = 3.484
effsigma: Error of type 3
#sigma_{eff} = -inf
#sigma_{eff} = 2.854
effsigma: Error of type 3
#sigma_{eff} = -inf
#sigma_{eff} = 4.226
#sigma_{eff} = 11.524
Info in <TCanvas::Print>: pdf file fullRunExtraPlotsABC/effSigma_vs_nPV.pdf has been created
Info in <TCanvas::Print>: pdf file fullRunExtraPlotsABC/gausSigma_vs_nPV.pdf has been created
#sigma_{eff} = 3.807
91.569 4319.672 92.187 3.349 
#sigma_{Gaus} = 3.349
#sigma_{eff} = 3.841
90.681 3120.196 91.227 3.409 
#sigma_{Gaus} = 3.409
Info in <TCanvas::Print>: pdf file fullRunExtraPlotsABC/Zee_corr_1.pdf has been created
#sigma_{eff} = 3.080
91.049 22484.698 91.441 2.539 
#sigma_{Gaus} = 2.539
#sigma_{eff} = 3.104
90.876 22126.592 91.386 2.543 
#sigma_{Gaus} = 2.543
Info in <TCanvas::Print>: pdf file fullRunExtraPlotsABC/Zee_corr_2.pdf has been created
#sigma_{eff} = 4.573
89.691 10666.737 90.854 4.081 
#sigma_{Gaus} = 4.081
#sigma_{eff} = 4.496
88.778 12692.401 89.920 4.003 
#sigma_{Gaus} = 4.003
Info in <TCanvas::Print>: pdf file fullRunExtraPlotsABC/Zee_corr_3.pdf has been created
#sigma_{eff} = 3.919
89.597 102654.509 90.592 3.437 
#sigma_{Gaus} = 3.437
#sigma_{eff} = 3.859
89.830 104918.696 90.767 3.384 
#sigma_{Gaus} = 3.384
Info in <TCanvas::Print>: pdf file fullRunExtraPlotsABC/Zee_corr_4.pdf has been created
Info in <TCanvas::Print>: pdf file fullRunExtraPlotsABC/clusterSize_dist.pdf has been created
Info in <TCanvas::Print>: pdf file fullRunExtraPlotsABC/clusterSize_profile.pdf has been created
Info in <TCanvas::Print>: pdf file fullRunExtraPlotsABC/ratio_profile.pdf has been created
90.302 11474.581 90.998 3.897 
#sigma_{Gaus} = 3.897
89.988 11332.979 90.570 3.873 
#sigma_{Gaus} = 3.873
Info in <TCanvas::Print>: pdf file fullRunExtraPlotsABC/t7.pdf has been created
(int)0
